<?xml version="1.0" encoding="UTF-8"?>
<testsuite name="HistoryPlayStrategyTest" tests="1" skipped="0" failures="0" errors="0" timestamp="2022-11-05T20:24:14" hostname="MacBook-Soufiane.local" time="0.013">
  <properties/>
  <testcase name="calculateAmount()" classname="HistoryPlayStrategyTest" time="0.013"/>
  <system-out><![CDATA[]]></system-out>
  <system-err><![CDATA[]]></system-err>
</testsuite>
