<?xml version="1.0" encoding="UTF-8"?>
<testsuite name="StatementPrinterTests" tests="2" skipped="0" failures="0" errors="0" timestamp="2022-11-05T20:24:14" hostname="MacBook-Soufiane.local" time="0.286">
  <properties/>
  <testcase name="exampleStatement()" classname="StatementPrinterTests" time="0.189"/>
  <testcase name="statementWithNewPlayTypes()" classname="StatementPrinterTests" time="0.095"/>
  <system-out><![CDATA[]]></system-out>
  <system-err><![CDATA[]]></system-err>
</testsuite>
